#-----------------------------------------------------------
# Webtalk v2019.2 (64-bit)
# SW Build 2708876 on Wed Nov  6 21:40:23 MST 2019
# 
# Start of session at: Mon May 19 00:45:08 2025
# Process ID: 20024
# Current directory: C:/Users/danya/Downloads/imageProcessingSystem/webtalk
# Command line: wbtcv.exe -mode batch -source vitis_webtalk.tcl
# Log file: C:/Users/danya/Downloads/imageProcessingSystem/webtalk/webtalk.log
# Journal file: C:/Users/danya/Downloads/imageProcessingSystem/webtalk\webtalk.jou
#-----------------------------------------------------------
source vitis_webtalk.tcl
# webtalk_init -webtalk_dir C:\\Users\\danya\\Downloads\\imageProcessingSystem\\webtalk
# webtalk_register_client -client project
# webtalk_add_data -client project -key date_generated -value "2025-05-19 00:45:06" -context "software_version_and_target_device"
# webtalk_add_data -client project -key product_version -value "Vitis v2019.2" -context "software_version_and_target_device"
# webtalk_add_data -client project -key build_version -value "2019.2" -context "software_version_and_target_device"
# webtalk_add_data -client project -key os_platform -value "amd64" -context "software_version_and_target_device"
# webtalk_add_data -client project -key registration_id -value "213429419_0_0_806" -context "software_version_and_target_device"
# webtalk_add_data -client project -key tool_flow -value "Vitis" -context "software_version_and_target_device"
# webtalk_add_data -client project -key beta -value "false" -context "software_version_and_target_device"
# webtalk_add_data -client project -key route_design -value "NA" -context "software_version_and_target_device"
# webtalk_add_data -client project -key target_family -value "NA" -context "software_version_and_target_device"
# webtalk_add_data -client project -key target_device -value "NA" -context "software_version_and_target_device"
# webtalk_add_data -client project -key target_package -value "NA" -context "software_version_and_target_device"
# webtalk_add_data -client project -key target_speed -value "NA" -context "software_version_and_target_device"
# webtalk_add_data -client project -key random_id -value "4co5o2oi7ipn9rjic9c1vari31" -context "software_version_and_target_device"
# webtalk_add_data -client project -key project_id -value "2019.2_2" -context "software_version_and_target_device"
# webtalk_add_data -client project -key project_iteration -value "2" -context "software_version_and_target_device"
# webtalk_add_data -client project -key os_name -value "Microsoft Windows 8 or later , 64-bit" -context "user_environment"
# webtalk_add_data -client project -key os_release -value "major release  (build 9200)" -context "user_environment"
# webtalk_add_data -client project -key cpu_name -value "12th Gen Intel(R) Core(TM) i5-12500H" -context "user_environment"
# webtalk_add_data -client project -key cpu_speed -value "3110 MHz" -context "user_environment"
# webtalk_add_data -client project -key total_processors -value "1" -context "user_environment"
# webtalk_add_data -client project -key system_ram -value "16.891 GB" -context "user_environment"
# webtalk_register_client -client vitis
# webtalk_add_data -client vitis -key uid -value "1747611200267" -context "vitis\\\\application/1747611200267"
# webtalk_add_data -client vitis -key project_type -value "sdk" -context "vitis\\\\application/1747611200267"
# webtalk_add_data -client vitis -key os -value "standalone" -context "vitis\\\\application/1747611200267"
# webtalk_add_data -client vitis -key processor -value "ps7_cortexa9" -context "vitis\\\\application/1747611200267"
# webtalk_add_data -client vitis -key runtime -value "cpp" -context "vitis\\\\application/1747611200267"
# webtalk_add_data -client vitis -key template -value "empty" -context "vitis\\\\application/1747611200267"
# webtalk_add_data -client vitis -key platform -value "NA" -context "vitis\\\\application/1747611200267"
# webtalk_add_data -client vitis -key platform_type -value "NA" -context "vitis\\\\application/1747611200267"
# webtalk_add_data -client vitis -key application_type -value "application" -context "vitis\\\\application/1747611200267"
# webtalk_add_data -client vitis -key platform_source -value "dsa" -context "vitis\\\\application/1747611200267"
# webtalk_add_data -client vitis -key device_family -value "NA" -context "vitis\\\\application/1747611200267"
# webtalk_add_data -client vitis -key fpga -value "7z020" -context "vitis\\\\application/1747611200267"
# webtalk_transmit -clientid 2248181469 -regid "213429419_0_0_806" -xml C:\\Users\\danya\\Downloads\\imageProcessingSystem\\webtalk\\usage_statistics_ext_vitis.xml -html C:\\Users\\danya\\Downloads\\imageProcessingSystem\\webtalk\\usage_statistics_ext_vitis.html -wdm C:\\Users\\danya\\Downloads\\imageProcessingSystem\\webtalk\\vitis_webtalk.wdm -intro "<H3>Vitis Usage Report</H3><BR>"
# webtalk_terminate
INFO: [Common 17-206] Exiting Webtalk at Mon May 19 00:45:09 2025...
